d:\github\forjob\forjob\release\vc120.pdb
d:\github\forjob\forjob\release\初赛3.obj
d:\github\forjob\forjob\release\初赛1.obj
d:\github\forjob\forjob\release\testbd.obj
d:\github\forjob\forjob\release\baidu2015internadd2.obj
d:\github\forjob\forjob\release\baidu2015internadd1.obj
d:\github\forjob\forjob\release\baidu2015intern2.obj
d:\github\forjob\forjob\release\baidu2015intern1.obj
d:\github\forjob\forjob\release\初赛2.obj
d:\github\forjob\release\forjob.exe
d:\github\forjob\release\forjob.pdb
f:\github\forjob\forjob\release\1.obj
f:\github\forjob\forjob\release\2.obj
f:\github\forjob\forjob\release\2015.10-1.obj
f:\github\forjob\forjob\release\2015.10-p1.obj
f:\github\forjob\forjob\release\2015.4-p1.obj
f:\github\forjob\forjob\release\2015.4-p2.obj
f:\github\forjob\forjob\release\2015.4-p3.obj
f:\github\forjob\forjob\release\2015.4-p4.obj
f:\github\forjob\forjob\release\2016.4-p1.obj
f:\github\forjob\forjob\release\baidu2015intern1.obj
f:\github\forjob\forjob\release\baidu2015intern2.obj
f:\github\forjob\forjob\release\baidu2015internadd1.obj
f:\github\forjob\forjob\release\baidu2015internadd2.obj
f:\github\forjob\forjob\release\equal count.obj
f:\github\forjob\forjob\release\hiho1086.obj
f:\github\forjob\forjob\release\hiho1088.obj
f:\github\forjob\forjob\release\hiho1095.obj
f:\github\forjob\forjob\release\test.obj
f:\github\forjob\forjob\release\testbd.obj
f:\github\forjob\forjob\release\初赛1.obj
f:\github\forjob\forjob\release\初赛2.obj
f:\github\forjob\forjob\release\初赛3.obj
f:\github\forjob\forjob\release\资格赛1.obj
f:\github\forjob\forjob\release\资格赛2.obj
f:\github\forjob\forjob\release\vc120.pdb
f:\github\forjob\release\forjob.pdb
f:\github\forjob\release\forjob.exe
f:\github\forjob\forjob\release\forjob.tlog\cl.command.1.tlog
f:\github\forjob\forjob\release\forjob.tlog\cl.read.1.tlog
f:\github\forjob\forjob\release\forjob.tlog\cl.write.1.tlog
f:\github\forjob\forjob\release\forjob.tlog\link.command.1.tlog
f:\github\forjob\forjob\release\forjob.tlog\link.read.1.tlog
f:\github\forjob\forjob\release\forjob.tlog\link.write.1.tlog
